<?xml version="1.0" encoding="UTF-8"?>
<coverage generated="1645067465941" clover="3.2.0">
  <project timestamp="1645067465941" name="All files">
    <metrics statements="20" coveredstatements="20" conditionals="1" coveredconditionals="1" methods="3" coveredmethods="3" elements="24" coveredelements="24" complexity="0" loc="20" ncloc="20" packages="2" files="3" classes="3"/>
    <package name="utils">
      <metrics statements="15" coveredstatements="15" conditionals="1" coveredconditionals="1" methods="3" coveredmethods="3"/>
      <file name="getSections.ts" path="/home/alex/Desktop/Coding/group-projects/sudoku/src/utils/getSections.ts">
        <metrics statements="13" coveredstatements="13" conditionals="1" coveredconditionals="1" methods="3" coveredmethods="3"/>
        <line num="1" count="1" type="stmt"/>
        <line num="5" count="1" type="stmt"/>
        <line num="10" count="1" type="stmt"/>
        <line num="11" count="1" type="stmt"/>
        <line num="12" count="9" type="stmt"/>
        <line num="14" count="1" type="stmt"/>
        <line num="19" count="1" type="stmt"/>
        <line num="20" count="1" type="stmt"/>
        <line num="21" count="9" type="stmt"/>
        <line num="22" count="81" type="cond" truecount="1" falsecount="0"/>
        <line num="23" count="9" type="stmt"/>
        <line num="27" count="1" type="stmt"/>
        <line num="30" count="1" type="stmt"/>
      </file>
      <file name="squareCoordinates.ts" path="/home/alex/Desktop/Coding/group-projects/sudoku/src/utils/squareCoordinates.ts">
        <metrics statements="2" coveredstatements="2" conditionals="0" coveredconditionals="0" methods="0" coveredmethods="0"/>
        <line num="3" count="1" type="stmt"/>
        <line num="15" count="1" type="stmt"/>
      </file>
    </package>
    <package name="utils.fixtures">
      <metrics statements="5" coveredstatements="5" conditionals="0" coveredconditionals="0" methods="0" coveredmethods="0"/>
      <file name="sudokuBoard.ts" path="/home/alex/Desktop/Coding/group-projects/sudoku/src/utils/fixtures/sudokuBoard.ts">
        <metrics statements="5" coveredstatements="5" conditionals="0" coveredconditionals="0" methods="0" coveredmethods="0"/>
        <line num="1" count="1" type="stmt"/>
        <line num="13" count="1" type="stmt"/>
        <line num="15" count="1" type="stmt"/>
        <line num="17" count="1" type="stmt"/>
        <line num="19" count="1" type="stmt"/>
      </file>
    </package>
  </project>
</coverage>
