{"/home/alex/Desktop/Coding/group-projects/sudoku/src/utils/getSections.ts": {"path":"/home/alex/Desktop/Coding/group-projects/sudoku/src/utils/getSections.ts","statementMap":{"0":{"start":{"line":1,"column":0},"end":{"line":1,"column":56}},"1":{"start":{"line":5,"column":2},"end":{"line":5,"column":20}},"2":{"start":{"line":30,"column":9},"end":{"line":30,"column":15}},"3":{"start":{"line":10,"column":22},"end":{"line":10,"column":24}},"4":{"start":{"line":11,"column":2},"end":{"line":13,"column":null}},"5":{"start":{"line":11,"column":17},"end":{"line":11,"column":18}},"6":{"start":{"line":12,"column":4},"end":{"line":12,"column":41}},"7":{"start":{"line":14,"column":2},"end":{"line":14,"column":21}},"8":{"start":{"line":30,"column":17},"end":{"line":30,"column":26}},"9":{"start":{"line":19,"column":22},"end":{"line":19,"column":24}},"10":{"start":{"line":20,"column":2},"end":{"line":26,"column":null}},"11":{"start":{"line":20,"column":17},"end":{"line":20,"column":18}},"12":{"start":{"line":21,"column":4},"end":{"line":25,"column":null}},"13":{"start":{"line":21,"column":22},"end":{"line":21,"column":23}},"14":{"start":{"line":22,"column":6},"end":{"line":24,"column":null}},"15":{"start":{"line":23,"column":8},"end":{"line":23,"column":45}},"16":{"start":{"line":27,"column":2},"end":{"line":27,"column":21}},"17":{"start":{"line":30,"column":28},"end":{"line":30,"column":37}}},"fnMap":{"0":{"name":"getRow","decl":{"start":{"line":4,"column":9},"end":{"line":4,"column":15}},"loc":{"start":{"line":4,"column":46},"end":{"line":6,"column":1}}},"1":{"name":"getColumn","decl":{"start":{"line":9,"column":9},"end":{"line":9,"column":18}},"loc":{"start":{"line":9,"column":52},"end":{"line":15,"column":1}}},"2":{"name":"getSquare","decl":{"start":{"line":18,"column":9},"end":{"line":18,"column":18}},"loc":{"start":{"line":18,"column":52},"end":{"line":28,"column":1}}}},"branchMap":{"0":{"loc":{"start":{"line":22,"column":6},"end":{"line":24,"column":null}},"type":"if","locations":[{"start":{"line":22,"column":6},"end":{"line":24,"column":null}}]}},"s":{"0":1,"1":1,"2":1,"3":1,"4":1,"5":1,"6":9,"7":1,"8":1,"9":1,"10":1,"11":1,"12":9,"13":9,"14":81,"15":9,"16":1,"17":1},"f":{"0":1,"1":1,"2":1},"b":{"0":[9]}}
,"/home/alex/Desktop/Coding/group-projects/sudoku/src/utils/squareCoordinates.ts": {"path":"/home/alex/Desktop/Coding/group-projects/sudoku/src/utils/squareCoordinates.ts","statementMap":{"0":{"start":{"line":3,"column":38},"end":{"line":13,"column":2}},"1":{"start":{"line":15,"column":9},"end":{"line":15,"column":26}}},"fnMap":{},"branchMap":{},"s":{"0":1,"1":1},"f":{},"b":{}}
,"/home/alex/Desktop/Coding/group-projects/sudoku/src/utils/fixtures/sudokuBoard.ts": {"path":"/home/alex/Desktop/Coding/group-projects/sudoku/src/utils/fixtures/sudokuBoard.ts","statementMap":{"0":{"start":{"line":1,"column":32},"end":{"line":11,"column":2}},"1":{"start":{"line":19,"column":9},"end":{"line":19,"column":20}},"2":{"start":{"line":13,"column":18},"end":{"line":13,"column":45}},"3":{"start":{"line":19,"column":22},"end":{"line":19,"column":31}},"4":{"start":{"line":15,"column":15},"end":{"line":15,"column":42}},"5":{"start":{"line":19,"column":33},"end":{"line":19,"column":39}},"6":{"start":{"line":17,"column":18},"end":{"line":17,"column":45}},"7":{"start":{"line":19,"column":41},"end":{"line":19,"column":50}}},"fnMap":{},"branchMap":{},"s":{"0":1,"1":1,"2":1,"3":1,"4":1,"5":1,"6":1,"7":1},"f":{},"b":{}}
}
