TN:
SF:src/utils/getSections.ts
FN:4,getRow
FN:9,getColumn
FN:18,getSquare
FNF:3
FNH:3
FNDA:1,getRow
FNDA:1,getColumn
FNDA:1,getSquare
DA:1,1
DA:5,1
DA:10,1
DA:11,1
DA:12,9
DA:14,1
DA:19,1
DA:20,1
DA:21,9
DA:22,81
DA:23,9
DA:27,1
DA:30,1
LF:13
LH:13
BRDA:22,0,0,9
BRF:1
BRH:1
end_of_record
TN:
SF:src/utils/squareCoordinates.ts
FNF:0
FNH:0
DA:3,1
DA:15,1
LF:2
LH:2
BRF:0
BRH:0
end_of_record
TN:
SF:src/utils/fixtures/sudokuBoard.ts
FNF:0
FNH:0
DA:1,1
DA:13,1
DA:15,1
DA:17,1
DA:19,1
LF:5
LH:5
BRF:0
BRH:0
end_of_record
